app/build/outputs/mapping/proguard/configuration.txt
# The proguard configuration file for the following section is intermediates/proguard-files/proguard-android.txt-4.2.0
# This is a configuration file for ProGuard.
# http://proguard.sourceforge.net/index.html#manual/usage.html
#
# Starting with version 2.2 of the Android plugin for Gradle, this file is distributed together with
# the plugin and unpacked at build-time. The files in $ANDROID_HOME are no longer maintained and
# will be ignored by new version of the Android plugin for Gradle.

# Optimization is turned off by default. Dex does not like code run
# through the ProGuard optimize steps (and performs some
# of these optimizations on its own).
# Note that if you want to enable optimization, you cannot just
# include optimization flags in your own project configuration file;
# instead you will need to point to the
# "proguard-android-optimize.txt" file instead of this one from your
# project.properties file.
-dontoptimize

-dontusemixedcaseclassnames
-dontskipnonpubliclibraryclasses
-verbose

# Preserve some attributes that may be required for reflection.
-keepattributes *Annotation*,Signature,InnerClasses,EnclosingMethod

-keep public class com.google.vending.licensing.ILicensingService
-keep public class com.android.vending.licensing.ILicensingService
-keep public class com.google.android.vending.licensing.ILicensingService
-dontnote com.android.vending.licensing.ILicensingService
-dontnote com.google.vending.licensing.ILicensingService
-dontnote com.google.android.vending.licensing.ILicensingService

# For native methods, see http://proguard.sourceforge.net/manual/examples.html#native
-keepclasseswithmembernames,includedescriptorclasses class * {
    native <methods>;
}

# Keep setters in Views so that animations can still work.
-keepclassmembers public class * extends android.view.View {
    void set*(***);
    *** get*();
}

# We want to keep methods in Activity that could be used in the XML attribute onClick.
-keepclassmembers class * extends android.app.Activity {
    public void *(android.view.View);
}

# For enumeration classes, see http://proguard.sourceforge.net/manual/examples.html#enumerations
-keepclassmembers enum * {
    public static **[] values();
    public static ** valueOf(java.lang.String);
}

-keepclassmembers class * implements android.os.Parcelable {
    public static final ** CREATOR;
}

# Preserve annotated Javascript interface methods.
-keepclassmembers class * {
    @android.webkit.JavascriptInterface <methods>;
}

# The support libraries contains references to newer platform versions.
# Don't warn about those in case this app is linking against an older
# platform version. We know about them, and they are safe.
-dontnote android.support.**
-dontnote androidx.**
-dontwarn android.support.**
-dontwarn androidx.**

# This class is deprecated, but remains for backward compatibility.
-dontwarn android.util.FloatMath

# Understand the @Keep support annotation.
-keep class android.support.annotation.Keep
-keep class androidx.annotation.Keep

-keep @android.support.annotation.Keep class * {*;}
-keep @androidx.annotation.Keep class * {*;}

-keepclasseswithmembers class * {
    @android.support.annotation.Keep <methods>;
}

-keepclasseswithmembers class * {
    @androidx.annotation.Keep <methods>;
}

-keepclasseswithmembers class * {
    @android.support.annotation.Keep <fields>;
}

-keepclasseswithmembers class * {
    @androidx.annotation.Keep <fields>;
}

-keepclasseswithmembers class * {
    @android.support.annotation.Keep <init>(...);
}

-keepclasseswithmembers class * {
    @androidx.annotation.Keep <init>(...);
}

# These classes are duplicated between android.jar and org.apache.http.legacy.jar.
-dontnote org.apache.http.**
-dontnote android.net.http.**

# These classes are duplicated between android.jar and core-lambda-stubs.jar.
-dontnote java.lang.invoke.**

# End of content from intermediates/proguard-files/proguard-android.txt-4.2.0
# The proguard configuration file for the following section is aapt_proguard_file/proguard/aapt_rules.txt
-keep class androidx.core.app.CoreComponentFactory { <init>(); }
-keep class androidx.lifecycle.ProcessLifecycleOwnerInitializer { <init>(); }
-keep class androidx.multidex.MultiDexApplication { <init>(); }
-keep class com.google.android.datatransport.runtime.backends.TransportBackendDiscovery { <init>(); }
-keep class com.google.android.datatransport.runtime.scheduling.jobscheduling.AlarmManagerSchedulerBroadcastReceiver { <init>(); }
-keep class com.google.android.datatransport.runtime.scheduling.jobscheduling.JobInfoSchedulerService { <init>(); }
-keep class com.google.android.gms.common.api.GoogleApiActivity { <init>(); }
-keep class com.google.mlkit.common.internal.MlKitComponentDiscoveryService { <init>(); }
-keep class com.google.mlkit.common.internal.MlKitInitProvider { <init>(); }
-keep class com.google.mlkit.vision.demo.EntryChoiceActivity { <init>(); }
-keep class com.google.mlkit.vision.demo.java.CameraXLivePreviewActivity { <init>(); }
-keep class com.google.mlkit.vision.demo.java.CameraXSourceDemoActivity { <init>(); }
-keep class com.google.mlkit.vision.demo.java.ChooserActivity { <init>(); }
-keep class com.google.mlkit.vision.demo.java.LivePreviewActivity { <init>(); }
-keep class com.google.mlkit.vision.demo.java.StillImageActivity { <init>(); }
-keep class com.google.mlkit.vision.demo.kotlin.CameraXLivePreviewActivity { <init>(); }
-keep class com.google.mlkit.vision.demo.kotlin.CameraXSourceDemoActivity { <init>(); }
-keep class com.google.mlkit.vision.demo.kotlin.ChooserActivity { <init>(); }
-keep class com.google.mlkit.vision.demo.kotlin.LivePreviewActivity { <init>(); }
-keep class com.google.mlkit.vision.demo.kotlin.StillImageActivity { <init>(); }
-keep class com.google.mlkit.vision.demo.preference.SettingsActivity { <init>(); }
-keep class android.widget.Space { <init>(android.content.Context, android.util.AttributeSet); }

-keep class androidx.appcompat.app.AlertController$RecycleListView { <init>(android.content.Context, android.util.AttributeSet); }

-keep class androidx.appcompat.view.menu.ActionMenuItemView { <init>(android.content.Context, android.util.AttributeSet); }

-keep class androidx.appcompat.view.menu.ExpandedMenuView { <init>(android.content.Context, android.util.AttributeSet); }

-keep class androidx.appcompat.view.menu.ListMenuItemView { <init>(android.content.Context, android.util.AttributeSet); }

-keep class androidx.appcompat.widget.ActionBarContainer { <init>(android.content.Context, android.util.AttributeSet); }

-keep class androidx.appcompat.widget.ActionBarContextView { <init>(android.content.Context, android.util.AttributeSet); }

-keep class androidx.appcompat.widget.ActionBarOverlayLayout { <init>(android.content.Context, android.util.AttributeSet); }

-keep class androidx.appcompat.widget.ActionMenuView { <init>(android.content.Context, android.util.AttributeSet); }

-keep class androidx.appcompat.widget.ActivityChooserView$InnerLayout { <init>(android.content.Context, android.util.AttributeSet); }

-keep class androidx.appcompat.widget.AlertDialogLayout { <init>(android.content.Context, android.util.AttributeSet); }

-keep class androidx.appcompat.widget.ButtonBarLayout { <init>(android.content.Context, android.util.AttributeSet); }

-keep class androidx.appcompat.widget.ContentFrameLayout { <init>(android.content.Context, android.util.AttributeSet); }

-keep class androidx.appcompat.widget.DialogTitle { <init>(android.content.Context, android.util.AttributeSet); }

-keep class androidx.appcompat.widget.FitWindowsFrameLayout { <init>(android.content.Context, android.util.AttributeSet); }

-keep class androidx.appcompat.widget.FitWindowsLinearLayout { <init>(android.content.Context, android.util.AttributeSet); }

-keep class androidx.appcompat.widget.SearchView$SearchAutoComplete { <init>(android.content.Context, android.util.AttributeSet); }

-keep class androidx.appcompat.widget.Toolbar { <init>(android.content.Context, android.util.AttributeSet); }

-keep class androidx.appcompat.widget.ViewStubCompat { <init>(android.content.Context, android.util.AttributeSet); }

-keep class androidx.camera.view.PreviewView { <init>(android.content.Context, android.util.AttributeSet); }

-keep class androidx.constraintlayout.widget.ConstraintLayout { <init>(android.content.Context, android.util.AttributeSet); }

-keep class androidx.core.widget.NestedScrollView { <init>(android.content.Context, android.util.AttributeSet); }

-keep class com.google.mlkit.vision.demo.CameraSourcePreview { <init>(android.content.Context, android.util.AttributeSet); }

-keep class com.google.mlkit.vision.demo.GraphicOverlay { <init>(android.content.Context, android.util.AttributeSet); }


# End of content from aapt_proguard_file/proguard/aapt_rules.txt
# The proguard configuration file for the following section is 53cb66e6fd148818221ee045c9327fa0/jetified-barcode-scanning-16.1.1/proguard.txt
# We keep all fields for every generated proto file as the runtime uses
# reflection over them that ProGuard cannot detect. Without this keep
# rule, fields may be removed that would cause runtime failures.
-keepclassmembers class * extends com.google.android.gms.internal.mlkit_vision_barcode.zzon {
  <fields>;
}

# End of content from 53cb66e6fd148818221ee045c9327fa0/jetified-barcode-scanning-16.1.1/proguard.txt
# The proguard configuration file for the following section is d1add38273345eff681860c50ea58597/jetified-object-detection-16.2.4/proguard.txt
# The rule below is needed for OKHTTP.
# Ignore annotation used for build tooling.
-dontwarn org.codehaus.mojo.animal_sniffer.IgnoreJRERequirement

# OkHttp3
# Taken from https://github.com/square/okhttp/blob/master/okhttp/src/main/resources/META-INF/proguard/okhttp3.pro
# Conscrypt is only used for the JVM version of OkHttp, not on Android.
-dontwarn org.conscrypt.**

# End of content from d1add38273345eff681860c50ea58597/jetified-object-detection-16.2.4/proguard.txt
# The proguard configuration file for the following section is 1a4dc1e325f9ee006a45e6de5b0e5557/jetified-object-detection-custom-16.3.1/proguard.txt
# We keep all fields for every generated proto file as the runtime uses
# reflection over them that ProGuard cannot detect. Without this keep
# rule, fields may be removed that would cause runtime failures.
-keepclassmembers class * extends com.google.android.gms.internal.mlkit_vision_object_detection_custom.zzwr {
  <fields>;
}

# End of content from 1a4dc1e325f9ee006a45e6de5b0e5557/jetified-object-detection-custom-16.3.1/proguard.txt
# The proguard configuration file for the following section is 4c6936d6d90d87e412e95f450005ce18/jetified-image-labeling-custom-16.3.1/proguard.txt
# We keep all fields for every generated proto file as the runtime uses
# reflection over them that ProGuard cannot detect. Without this keep
# rule, fields may be removed that would cause runtime failures.
-keepclassmembers class * extends com.google.android.gms.internal.mlkit_vision_label_custom.zzwo {
  <fields>;
}

# End of content from 4c6936d6d90d87e412e95f450005ce18/jetified-image-labeling-custom-16.3.1/proguard.txt
# The proguard configuration file for the following section is 3f2a7a85413eb5325876d1168b5a893e/jetified-segmentation-selfie-16.0.0-beta1/proguard.txt
# We keep all fields for every generated proto file as the runtime uses
# reflection over them that ProGuard cannot detect. Without this keep
# rule, fields may be removed that would cause runtime failures.
-keepclassmembers class * extends com.google.android.gms.internal.mlkit_vision_segmentation_bundled.zznk {
  <fields>;
}

# End of content from 3f2a7a85413eb5325876d1168b5a893e/jetified-segmentation-selfie-16.0.0-beta1/proguard.txt
# The proguard configuration file for the following section is ecb06bc2dfcd9ace62e05986c38516ba/jetified-camera-16.0.0-beta1/proguard.txt
# The following are all required for Guava and taken from
# https://github.com/google/guava/wiki/UsingProGuardWithGuava

-dontwarn javax.lang.model.element.Modifier

# Striped64, LittleEndianByteArray, UnsignedBytes, AbstractFuture
-dontwarn sun.misc.Unsafe

-dontwarn java.lang.SafeVarargs

# Futures.getChecked (which often won't work with Proguard anyway) uses this. It
# has a fallback, but again, don't use Futures.getChecked on Android regardless.
-dontwarn java.lang.ClassValue

# End of content from ecb06bc2dfcd9ace62e05986c38516ba/jetified-camera-16.0.0-beta1/proguard.txt
# The proguard configuration file for the following section is 26bf0556bad5649b3c796ded0df4a415/jetified-camera-camera2-1.1.0-alpha04/proguard.txt
# Copyright (C) 2020 The Android Open Source Project
#
# Licensed under the Apache License, Version 2.0 (the "License");
# you may not use this file except in compliance with the License.
# You may obtain a copy of the License at
#
#      http://www.apache.org/licenses/LICENSE-2.0
#
# Unless required by applicable law or agreed to in writing, software
# distributed under the License is distributed on an "AS IS" BASIS,
# WITHOUT WARRANTIES OR CONDITIONS OF ANY KIND, either express or implied.
# See the License for the specific language governing permissions and
# limitations under the License.

# This is necessary for default initialization using Camera2Config
-keep public class androidx.camera.camera2.Camera2Config$DefaultProvider { *; }

# End of content from 26bf0556bad5649b3c796ded0df4a415/jetified-camera-camera2-1.1.0-alpha04/proguard.txt
# The proguard configuration file for the following section is 0b06fa45b8e3673e83e0b09d8dca15b0/appcompat-1.3.0/proguard.txt
# Copyright (C) 2018 The Android Open Source Project
#
# Licensed under the Apache License, Version 2.0 (the "License");
# you may not use this file except in compliance with the License.
# You may obtain a copy of the License at
#
#      http://www.apache.org/licenses/LICENSE-2.0
#
# Unless required by applicable law or agreed to in writing, software
# distributed under the License is distributed on an "AS IS" BASIS,
# WITHOUT WARRANTIES OR CONDITIONS OF ANY KIND, either express or implied.
# See the License for the specific language governing permissions and
# limitations under the License.

# aapt is not able to read app::actionViewClass and app:actionProviderClass to produce proguard
# keep rules. Add a commonly used SearchView to the keep list until b/109831488 is resolved.
-keep class androidx.appcompat.widget.SearchView { <init>(...); }

# Never inline methods, but allow shrinking and obfuscation.
-keepclassmembernames,allowobfuscation,allowshrinking class androidx.appcompat.widget.AppCompatTextViewAutoSizeHelper$Impl* {
  <methods>;
}

# End of content from 0b06fa45b8e3673e83e0b09d8dca15b0/appcompat-1.3.0/proguard.txt
# The proguard configuration file for the following section is 9aa910e7cccdc639606c9acd9beb2c00/jetified-play-services-mlkit-barcode-scanning-16.1.4/proguard.txt
# We keep all fields for every generated proto file as the runtime uses
# reflection over them that ProGuard cannot detect. Without this keep
# rule, fields may be removed that would cause runtime failures.
-keepclassmembers class * extends com.google.android.gms.internal.mlkit_vision_barcode.zzon {
  <fields>;
}

# End of content from 9aa910e7cccdc639606c9acd9beb2c00/jetified-play-services-mlkit-barcode-scanning-16.1.4/proguard.txt
# The proguard configuration file for the following section is 53c335e30e33f94bd38272945d46de7d/jetified-object-detection-common-17.0.1/proguard.txt
# The rule below is needed for OKHTTP.
# Ignore annotation used for build tooling.
-dontwarn org.codehaus.mojo.animal_sniffer.IgnoreJRERequirement

# OkHttp3
# Taken from https://github.com/square/okhttp/blob/master/okhttp/src/main/resources/META-INF/proguard/okhttp3.pro
# Conscrypt is only used for the JVM version of OkHttp, not on Android.
-dontwarn org.conscrypt.**

# End of content from 53c335e30e33f94bd38272945d46de7d/jetified-object-detection-common-17.0.1/proguard.txt
# The proguard configuration file for the following section is e1dffddeea541524075da2954cf6bd6c/jetified-vision-internal-vkp-18.1.0/proguard.txt
# We keep all fields for every generated proto file as the runtime uses
# reflection over them that ProGuard cannot detect. Without this keep
# rule, fields may be removed that would cause runtime failures.
-keepclassmembers class * extends com.google.android.gms.internal.mlkit_vision_internal_vkp.zzagh {
  <fields>;
}

# This prevents the names of native methods from being obfuscated and prevents
# UnsatisfiedLinkErrors.
-keepclasseswithmembernames class * {
    native <methods>;
}

# End of content from e1dffddeea541524075da2954cf6bd6c/jetified-vision-internal-vkp-18.1.0/proguard.txt
# The proguard configuration file for the following section is 1b819f8d7066ac3e3d543d91f1f59bc4/jetified-pose-detection-common-17.1.0-beta2/proguard.txt
# We keep all fields for every generated proto file as the runtime uses
# reflection over them that ProGuard cannot detect. Without this keep
# rule, fields may be removed that would cause runtime failures.
-keepclassmembers class * extends com.google.android.gms.internal.mlkit_vision_pose_common.zznp {
  <fields>;
}

# End of content from 1b819f8d7066ac3e3d543d91f1f59bc4/jetified-pose-detection-common-17.1.0-beta2/proguard.txt
# The proguard configuration file for the following section is 58823f4603aabd2a2b668721ff0de50f/jetified-mediapipe-internal-17.0.0-beta1/proguard.txt
# We keep all fields for every generated proto file as the runtime uses
# reflection over them that ProGuard cannot detect. Without this keep
# rule, fields may be removed that would cause runtime failures.
-keepclassmembers class * extends com.google.android.gms.internal.mlkit_vision_mediapipe.zzfx {
  <fields>;
}

# Uses reflection to determine if these classes are present and has a graceful
# fallback if they aren't.
-dontwarn dalvik.system.VMStack
-dontwarn com.google.common.flogger.backend.google.GooglePlatform
-dontwarn com.google.common.flogger.backend.system.DefaultPlatform

# Auto-generated proguard rule with obfuscated symbol
-keep public class com.google.android.gms.internal.mlkit_vision_mediapipe.zzeh {
  *;
}


# Auto-generated proguard rule with obfuscated symbol
-keep public class com.google.android.gms.internal.mlkit_vision_mediapipe.zzej {
  *;
}


# Auto-generated proguard rule with obfuscated symbol
-keep public class com.google.android.gms.internal.mlkit_vision_mediapipe.zzdy {
  *;
}


# Auto-generated proguard rule with obfuscated symbol
-keep public class com.google.android.gms.internal.mlkit_vision_mediapipe.zzek {
  *;
}


# Auto-generated proguard rule with obfuscated symbol
-keep public class com.google.android.gms.internal.mlkit_vision_mediapipe.zzei {
  *;
}


# Auto-generated proguard rule with obfuscated symbol
-keep public class com.google.android.gms.internal.mlkit_vision_mediapipe.zzec {
  *;
}


# Auto-generated proguard rule with obfuscated symbol
-keep public class com.google.android.gms.internal.mlkit_vision_mediapipe.zzeg {
  *;
}


# Auto-generated proguard rule with obfuscated symbol
-keep public class com.google.android.gms.internal.mlkit_vision_mediapipe.zzdx {
  *;
}


# End of content from 58823f4603aabd2a2b668721ff0de50f/jetified-mediapipe-internal-17.0.0-beta1/proguard.txt
# The proguard configuration file for the following section is cfc34a1e09d09bfd64309ece69406c88/jetified-common-17.1.1/proguard.txt
# Annotations are implemented as attributes, so we have to explicitly keep them.
# Catch all which encompasses attributes like RuntimeVisibleParameterAnnotations
# and RuntimeVisibleTypeAnnotations
-keepattributes RuntimeVisible*Annotation*

# JNI is an entry point that's hard to keep track of, so there's
# an annotation to mark fields and methods used by native code.

# Keep the annotations that proguard needs to process.
-keep class com.google.android.apps.common.proguard.UsedBy*

# Just because native code accesses members of a class, does not mean that the