app/build/outputs/mapping/proguard/mapping.txt
# compiler: R8
# compiler_version: 2.2.64
# min_api: 16
# pg_map_id: daab3c4
# common_typos_disable
com.google.mlkit.vision.demo.-$$Lambda$CameraXViewModel$sBBc2dTXuCf6dj_SpKQjKKNXIRc -> com.google.mlkit.vision.demo.a:
# {"id":"sourceFile","fileName":"lambda"}
    com.google.mlkit.vision.demo.CameraXViewModel f$0 -> b
    com.google.common.util.concurrent.ListenableFuture f$1 -> c
com.google.mlkit.vision.demo.-$$Lambda$GraphicOverlay$yBr5SAOGGutsB1HtBTmDsJ51qbk -> com.google.mlkit.vision.demo.b:
# {"id":"sourceFile","fileName":"lambda"}
    com.google.mlkit.vision.demo.GraphicOverlay f$0 -> a
com.google.mlkit.vision.demo.-$$Lambda$ScopedExecutor$lkNgwdrb7pP5DHNgQbq5L9WrP-g -> com.google.mlkit.vision.demo.c:
# {"id":"sourceFile","fileName":"lambda"}
    java.lang.Runnable f$1 -> c
    com.google.mlkit.vision.demo.ScopedExecutor f$0 -> b
com.google.mlkit.vision.demo.BitmapUtils -> com.google.mlkit.vision.demo.d:
    boolean areUVPlanesNV21(android.media.Image$Plane[],int,int) -> a
    android.graphics.Bitmap getBitmap(androidx.camera.core.ImageProxy) -> b
    android.graphics.Bitmap getBitmap(java.nio.ByteBuffer,com.google.mlkit.vision.demo.FrameMetadata) -> c
    android.graphics.Bitmap getBitmapFromContentUri(android.content.ContentResolver,android.net.Uri) -> d
    int getExifOrientationTag(android.content.ContentResolver,android.net.Uri) -> e
    android.graphics.Bitmap rotateBitmap(android.graphics.Bitmap,int,boolean,boolean) -> f
    void unpackPlane(android.media.Image$Plane,int,int,byte[],int,int) -> g
    java.nio.ByteBuffer yuv420ThreePlanesToNV21(android.media.Image$Plane[],int,int) -> h
com.google.mlkit.vision.demo.CameraImageGraphic -> com.google.mlkit.vision.demo.e:
    android.graphics.Bitmap bitmap -> b
    void draw(android.graphics.Canvas) -> a
com.google.mlkit.vision.demo.CameraSource -> com.google.mlkit.vision.demo.f:
    java.lang.Object processorLock -> j
    com.google.mlkit.vision.demo.GraphicOverlay graphicOverlay -> g
    java.util.IdentityHashMap bytesToByteBuffer -> l
    android.hardware.Camera camera -> b
    com.google.mlkit.vision.demo.CameraSource$FrameProcessingRunnable processingRunnable -> i
    int rotationDegrees -> d
    com.google.mlkit.vision.demo.VisionImageProcessor frameProcessor -> k
    android.app.Activity activity -> a
    int facing -> c
    com.google.android.gms.common.images.Size previewSize -> e
    android.graphics.SurfaceTexture dummySurfaceTexture -> f
    java.lang.Thread processingThread -> h
    com.google.mlkit.vision.demo.CameraSource$FrameProcessingRunnable access$100(com.google.mlkit.vision.demo.CameraSource) -> a
    java.util.IdentityHashMap access$200(com.google.mlkit.vision.demo.CameraSource) -> b
    java.lang.Object access$300(com.google.mlkit.vision.demo.CameraSource) -> c
    int access$400(com.google.mlkit.vision.demo.CameraSource) -> d
    com.google.android.gms.common.images.Size access$500(com.google.mlkit.vision.demo.CameraSource) -> e
    com.google.mlkit.vision.demo.GraphicOverlay access$600(com.google.mlkit.vision.demo.CameraSource) -> f
    com.google.mlkit.vision.demo.VisionImageProcessor access$700(com.google.mlkit.vision.demo.CameraSource) -> g
    android.hardware.Camera access$800(com.google.mlkit.vision.demo.CameraSource) -> h
com.google.mlkit.vision.demo.CameraSource$1 -> com.google.mlkit.vision.demo.f$a:
com.google.mlkit.vision.demo.CameraSource$CameraPreviewCallback -> com.google.mlkit.vision.demo.f$b:
    com.google.mlkit.vision.demo.CameraSource this$0 -> a
com.google.mlkit.vision.demo.CameraSource$FrameProcessingRunnable -> com.google.mlkit.vision.demo.f$c:
    java.lang.Object lock -> b
    java.nio.ByteBuffer pendingFrameData -> d
    com.google.mlkit.vision.demo.CameraSource this$0 -> e
    boolean active -> c
    void setActive(boolean) -> a
    void setNextFrame(byte[],android.hardware.Camera) -> b
com.google.mlkit.vision.demo.CameraSource$SizePair -> com.google.mlkit.vision.demo.f$d:
    com.google.android.gms.common.images.Size preview -> a
    com.google.android.gms.common.images.Size picture -> b
...
com.google.android.libraries.vision.visionkit.pipeline.zzx -> com.google.android.libraries.vision.visionkit.pipeline.s5:
com.google.android.libraries.vision.visionkit.pipeline.zzy -> com.google.android.libraries.vision.visionkit.pipeline.t5:
    com.google.android.gms.internal.mlkit_vision_internal_vkp.zzagl zza -> a
    boolean zza(int) -> b
com.google.android.libraries.vision.visionkit.pipeline.zzz -> com.google.android.libraries.vision.visionkit.pipeline.u5:
    com.google.android.gms.internal.mlkit_vision_internal_vkp.zzagk zzc -> d
    com.google.android.libraries.vision.visionkit.pipeline.zzz[] zze -> e
    int zzd -> f
    com.google.android.libraries.vision.visionkit.pipeline.zzz zza -> b
    com.google.android.libraries.vision.visionkit.pipeline.zzz zzb -> c
    com.google.android.libraries.vision.visionkit.pipeline.zzz zzb(int) -> k
    com.google.android.gms.internal.mlkit_vision_internal_vkp.zzagl zzc() -> w
com.google.common.base.AbstractIterator -> b.a.b.a.a:
    com.google.common.base.AbstractIterator$State state -> b
    java.lang.Object next -> c
    java.lang.Object computeNext() -> a
    java.lang.Object endOfData() -> b
    boolean tryToComputeNext() -> c
com.google.common.base.AbstractIterator$1 -> b.a.b.a.a$a:
    int[] $SwitchMap$com$google$common$base$AbstractIterator$State -> a
com.google.common.base.AbstractIterator$State -> b.a.b.a.a$b:
    com.google.common.base.AbstractIterator$State[] $VALUES -> f
    com.google.common.base.AbstractIterator$State DONE -> d
    com.google.common.base.AbstractIterator$State FAILED -> e
    com.google.common.base.AbstractIterator$State READY -> b
    com.google.common.base.AbstractIterator$State NOT_READY -> c
com.google.common.base.CharMatcher -> b.a.b.a.b:
    boolean matches(char) -> a
    com.google.common.base.CharMatcher none() -> b
com.google.common.base.CharMatcher$FastMatcher -> b.a.b.a.b$a:
com.google.common.base.CharMatcher$NamedFastMatcher -> b.a.b.a.b$b:
    java.lang.String description -> a
com.google.common.base.CharMatcher$None -> b.a.b.a.b$c:
    com.google.common.base.CharMatcher$None INSTANCE -> b
    boolean matches(char) -> a
com.google.common.base.CommonMatcher -> b.a.b.a.c:
    int end() -> a
    boolean find(int) -> b
    boolean matches() -> c
    int start() -> d
com.google.common.base.CommonPattern -> b.a.b.a.d:
    com.google.common.base.CommonMatcher matcher(java.lang.CharSequence) -> a
com.google.common.base.ExtraObjectsMethodsForWeb -> b.a.b.a.e:
com.google.common.base.JdkPattern -> b.a.b.a.f:
    java.util.regex.Pattern pattern -> b
    com.google.common.base.CommonMatcher matcher(java.lang.CharSequence) -> a
com.google.common.base.JdkPattern$JdkMatcher -> b.a.b.a.f$a:
    java.util.regex.Matcher matcher -> a
    int end() -> a
    boolean find(int) -> b
    boolean matches() -> c
    int start() -> d
com.google.common.base.MoreObjects -> b.a.b.a.g:
    com.google.common.base.MoreObjects$ToStringHelper toStringHelper(java.lang.Object) -> a
com.google.common.base.MoreObjects$1 -> b.a.b.a.g$a:
com.google.common.base.MoreObjects$ToStringHelper -> b.a.b.a.g$b:
    com.google.common.base.MoreObjects$ToStringHelper$ValueHolder holderHead -> b
    java.lang.String className -> a
    com.google.common.base.MoreObjects$ToStringHelper$ValueHolder holderTail -> c
    boolean omitNullValues -> d
    com.google.common.base.MoreObjects$ToStringHelper$ValueHolder addHolder() -> a
    com.google.common.base.MoreObjects$ToStringHelper addHolder(java.lang.Object) -> b
    com.google.common.base.MoreObjects$ToStringHelper addValue(java.lang.Object) -> c
com.google.common.base.MoreObjects$ToStringHelper$ValueHolder -> b.a.b.a.g$b$a:
    java.lang.Object value -> b
    java.lang.String name -> a
    com.google.common.base.MoreObjects$ToStringHelper$ValueHolder next -> c
com.google.common.base.Objects -> b.a.b.a.h:
    boolean equal(java.lang.Object,java.lang.Object) -> a