app/build/outputs/mapping/proguard/usage.txt
com.google.mlkit.vision.demo.BitmapUtils:
    private static final java.lang.String TAG
    public void <init>()
com.google.mlkit.vision.demo.BuildConfig
com.google.mlkit.vision.demo.CameraSource:
    private static final float ASPECT_RATIO_TOLERANCE
    public static final int CAMERA_FACING_BACK
    public static final int CAMERA_FACING_FRONT
    public static final int DEFAULT_REQUESTED_CAMERA_PREVIEW_HEIGHT
    public static final int DEFAULT_REQUESTED_CAMERA_PREVIEW_WIDTH
    private static final int DUMMY_TEXTURE_NAME
    public static final int IMAGE_FORMAT
    private static final boolean REQUESTED_AUTO_FOCUS
    private static final float REQUESTED_FPS
    private static final java.lang.String TAG
com.google.mlkit.vision.demo.CameraSourcePreview:
    private static final java.lang.String TAG
    public void release()
com.google.mlkit.vision.demo.CameraXViewModel:
    private static final java.lang.String TAG
com.google.mlkit.vision.demo.EntryChoiceActivity:
    private java.util.HashMap _$_findViewCache
    public void _$_clearFindViewByIdCache()
    public android.view.View _$_findCachedViewById(int)
com.google.mlkit.vision.demo.GraphicOverlay$Graphic:
    public android.content.Context getApplicationContext()
    public boolean isImageFlipped()
com.google.mlkit.vision.demo.GraphicOverlay:
    public void remove(com.google.mlkit.vision.demo.GraphicOverlay$Graphic)
com.google.mlkit.vision.demo.InferenceInfoGraphic:
    private static final int TEXT_COLOR
    private static final float TEXT_SIZE
com.google.mlkit.vision.demo.R$anim
com.google.mlkit.vision.demo.R$animator
com.google.mlkit.vision.demo.R$array
com.google.mlkit.vision.demo.R$attr
com.google.mlkit.vision.demo.R$bool
com.google.mlkit.vision.demo.R$color
com.google.mlkit.vision.demo.R$dimen
com.google.mlkit.vision.demo.R$drawable
com.google.mlkit.vision.demo.R$id
com.google.mlkit.vision.demo.R$integer
com.google.mlkit.vision.demo.R$interpolator
com.google.mlkit.vision.demo.R$layout
com.google.mlkit.vision.demo.R$menu
com.google.mlkit.vision.demo.R$mipmap
com.google.mlkit.vision.demo.R$string
com.google.mlkit.vision.demo.R$style
com.google.mlkit.vision.demo.R$styleable
com.google.mlkit.vision.demo.R$xml
com.google.mlkit.vision.demo.R
com.google.mlkit.vision.demo.java.CameraXLivePreviewActivity:
    private static final java.lang.String BARCODE_SCANNING
    private static final java.lang.String CUSTOM_AUTOML_LABELING
    private static final java.lang.String CUSTOM_AUTOML_OBJECT_DETECTION
    private static final java.lang.String FACE_DETECTION
    private static final java.lang.String IMAGE_LABELING
    private static final java.lang.String IMAGE_LABELING_CUSTOM
    private static final java.lang.String OBJECT_DETECTION
    private static final java.lang.String OBJECT_DETECTION_CUSTOM
    private static final int PERMISSION_REQUESTS
    private static final java.lang.String POSE_DETECTION
    private static final java.lang.String SELFIE_SEGMENTATION
    private static final java.lang.String STATE_SELECTED_MODEL
    private static final java.lang.String TAG
    private static final java.lang.String TEXT_RECOGNITION
com.google.mlkit.vision.demo.java.CameraXSourceDemoActivity:
    private static final int PERMISSION_REQUESTS
    private static final java.lang.String TAG
com.google.mlkit.vision.demo.java.ChooserActivity:
    private static final int PERMISSION_REQUESTS
    private static final java.lang.String TAG
...
androidx.camera.camera2.internal.compat.CameraDeviceCompat$CameraDeviceCompatImpl:
    public abstract android.hardware.camera2.CameraDevice unwrap()
androidx.camera.camera2.internal.compat.CameraDeviceCompat:
    public static final int SESSION_OPERATION_MODE_CONSTRAINED_HIGH_SPEED
    public static final int SESSION_OPERATION_MODE_NORMAL
    public android.hardware.camera2.CameraDevice toCameraDevice()
    public static androidx.camera.camera2.internal.compat.CameraDeviceCompat toCameraDeviceCompat(android.hardware.camera2.CameraDevice)
androidx.camera.camera2.internal.compat.CameraDeviceCompatBaseImpl:
    public android.hardware.camera2.CameraDevice unwrap()
androidx.camera.camera2.internal.compat.CameraManagerCompat$CameraManagerCompatImpl:
    public abstract android.hardware.camera2.CameraManager getCameraManager()
androidx.camera.camera2.internal.compat.CameraManagerCompat:
    public static androidx.camera.camera2.internal.compat.CameraManagerCompat from(androidx.camera.camera2.internal.compat.CameraManagerCompat$CameraManagerCompatImpl)
    public android.hardware.camera2.CameraManager unwrap()
androidx.camera.camera2.internal.compat.CameraManagerCompatBaseImpl:
    public android.hardware.camera2.CameraManager getCameraManager()
androidx.camera.camera2.internal.compat.package-info
androidx.camera.camera2.internal.compat.params.InputConfigurationCompat$InputConfigurationCompatApi23Impl:
    void <init>(int,int,int)
    public int getFormat()
    public int getHeight()
    public int getWidth()
androidx.camera.camera2.internal.compat.params.InputConfigurationCompat$InputConfigurationCompatBaseImpl
androidx.camera.camera2.internal.compat.params.InputConfigurationCompat$InputConfigurationCompatImpl:
    public abstract int getFormat()
    public abstract int getHeight()
    public abstract int getWidth()
androidx.camera.camera2.internal.compat.params.InputConfigurationCompat:
    public void <init>(int,int,int)
    public int getFormat()
    public int getHeight()
    public int getWidth()
androidx.camera.camera2.internal.compat.params.OutputConfigurationCompat$OutputConfigurationCompatImpl:
    public abstract void addSurface(android.view.Surface)
    public abstract void enableSurfaceSharing()
    public abstract int getMaxSharedSurfaceCount()
    public abstract int getSurfaceGroupId()
    public abstract java.util.List getSurfaces()
    public abstract void removeSurface(android.view.Surface)
    public abstract void setPhysicalCameraId(java.lang.String)
androidx.camera.camera2.internal.compat.params.OutputConfigurationCompat:
    public static final int SURFACE_GROUP_ID_NONE
    public void <init>(android.util.Size,java.lang.Class)
    public void addSurface(android.view.Surface)
    public void enableSurfaceSharing()
    public int getMaxSharedSurfaceCount()
    public int getSurfaceGroupId()
    public java.util.List getSurfaces()
    public void removeSurface(android.view.Surface)
    public void setPhysicalCameraId(java.lang.String)
androidx.camera.camera2.internal.compat.params.OutputConfigurationCompatApi24Impl:
    public void enableSurfaceSharing()
    public int getSurfaceGroupId()
    public java.util.List getSurfaces()
    boolean isSurfaceSharingEnabled()
    public void setPhysicalCameraId(java.lang.String)
androidx.camera.camera2.internal.compat.params.OutputConfigurationCompatApi26Impl:
    private static final java.lang.String MAX_SHARED_SURFACES_COUNT_FIELD
    private static final java.lang.String SURFACES_FIELD
    public void addSurface(android.view.Surface)
    public void enableSurfaceSharing()
    public int getMaxSharedSurfaceCount()
    private static int getMaxSharedSurfaceCountApi26()
    private static java.util.List getMutableSurfaceListApi26(android.hardware.camera2.params.OutputConfiguration)
    public java.util.List getSurfaces()
    final boolean isSurfaceSharingEnabled()
    public void removeSurface(android.view.Surface)
    public void setPhysicalCameraId(java.lang.String)